<?xml version="1.0" encoding="UTF-8"?>
<coverage generated="1736082588349" clover="3.2.0">
  <project timestamp="1736082588349" name="All files">
    <metrics statements="40" coveredstatements="30" conditionals="31" coveredconditionals="18" methods="13" coveredmethods="10" elements="84" coveredelements="58" complexity="0" loc="40" ncloc="40" packages="1" files="2" classes="2"/>
    <file name="TransactionHistory.tsx" path="/Users/ikehi/Documents/Projects/fintech-dashboard/src/app/dashboard/components/TransactionHistory.tsx">
      <metrics statements="36" coveredstatements="26" conditionals="27" coveredconditionals="14" methods="11" coveredmethods="8"/>
      <line num="1" count="1" type="stmt"/>
      <line num="10" count="1" type="stmt"/>
      <line num="17" count="1" type="stmt"/>
      <line num="18" count="6" type="stmt"/>
      <line num="19" count="6" type="stmt"/>
      <line num="20" count="6" type="stmt"/>
      <line num="21" count="6" type="stmt"/>
      <line num="23" count="6" type="stmt"/>
      <line num="24" count="1" type="stmt"/>
      <line num="25" count="1" type="stmt"/>
      <line num="27" count="1" type="cond" truecount="2" falsecount="2"/>
      <line num="28" count="0" type="stmt"/>
      <line num="29" count="0" type="stmt"/>
      <line num="31" count="1" type="stmt"/>
      <line num="32" count="1" type="stmt"/>
      <line num="33" count="5" type="cond" truecount="1" falsecount="0"/>
      <line num="34" count="0" type="cond" truecount="0" falsecount="1"/>
      <line num="35" count="0" type="cond" truecount="0" falsecount="1"/>
      <line num="36" count="0" type="stmt"/>
      <line num="40" count="1" type="stmt"/>
      <line num="41" count="1" type="stmt"/>
      <line num="42" count="1" type="stmt"/>
      <line num="45" count="6" type="stmt"/>
      <line num="46" count="1" type="cond" truecount="1" falsecount="1"/>
      <line num="47" count="0" type="stmt"/>
      <line num="48" count="0" type="stmt"/>
      <line num="50" count="1" type="stmt"/>
      <line num="51" count="4" type="stmt"/>
      <line num="55" count="6" type="stmt"/>
      <line num="62" count="1" type="stmt"/>
      <line num="68" count="0" type="stmt"/>
      <line num="80" count="0" type="stmt"/>
      <line num="86" count="1" type="stmt"/>
      <line num="92" count="0" type="stmt"/>
      <line num="101" count="22" type="stmt"/>
      <line num="117" count="1" type="stmt"/>
    </file>
    <file name="UserOverview.tsx" path="/Users/ikehi/Documents/Projects/fintech-dashboard/src/app/dashboard/components/UserOverview.tsx">
      <metrics statements="4" coveredstatements="4" conditionals="4" coveredconditionals="4" methods="2" coveredmethods="2"/>
      <line num="9" count="1" type="stmt"/>
      <line num="10" count="1" type="stmt"/>
      <line num="25" count="2" type="stmt"/>
      <line num="40" count="1" type="stmt"/>
    </file>
  </project>
</coverage>
