{"/Users/ikehi/Documents/Projects/fintech-dashboard/src/app/dashboard/components/TransactionHistory.tsx": {"path":"/Users/ikehi/Documents/Projects/fintech-dashboard/src/app/dashboard/components/TransactionHistory.tsx","statementMap":{"0":{"start":{"line":1,"column":0},"end":{"line":1,"column":40}},"1":{"start":{"line":10,"column":40},"end":{"line":15,"column":2}},"2":{"start":{"line":17,"column":37},"end":{"line":115,"column":1}},"3":{"start":{"line":18,"column":42},"end":{"line":18,"column":83}},"4":{"start":{"line":19,"column":32},"end":{"line":19,"column":61}},"5":{"start":{"line":20,"column":44},"end":{"line":20,"column":81}},"6":{"start":{"line":21,"column":30},"end":{"line":21,"column":71}},"7":{"start":{"line":23,"column":21},"end":{"line":43,"column":3}},"8":{"start":{"line":24,"column":17},"end":{"line":24,"column":34}},"9":{"start":{"line":25,"column":39},"end":{"line":25,"column":44}},"10":{"start":{"line":27,"column":4},"end":{"line":38,"column":5}},"11":{"start":{"line":28,"column":6},"end":{"line":28,"column":28}},"12":{"start":{"line":29,"column":6},"end":{"line":29,"column":32}},"13":{"start":{"line":31,"column":6},"end":{"line":31,"column":30}},"14":{"start":{"line":32,"column":6},"end":{"line":37,"column":9}},"15":{"start":{"line":33,"column":8},"end":{"line":33,"column":57}},"16":{"start":{"line":33,"column":30},"end":{"line":33,"column":57}},"17":{"start":{"line":34,"column":8},"end":{"line":34,"column":91}},"18":{"start":{"line":34,"column":28},"end":{"line":34,"column":91}},"19":{"start":{"line":35,"column":8},"end":{"line":35,"column":64}},"20":{"start":{"line":35,"column":28},"end":{"line":35,"column":64}},"21":{"start":{"line":36,"column":8},"end":{"line":36,"column":17}},"22":{"start":{"line":40,"column":4},"end":{"line":40,"column":20}},"23":{"start":{"line":41,"column":4},"end":{"line":41,"column":35}},"24":{"start":{"line":42,"column":4},"end":{"line":42,"column":28}},"25":{"start":{"line":45,"column":23},"end":{"line":53,"column":3}},"26":{"start":{"line":46,"column":4},"end":{"line":52,"column":5}},"27":{"start":{"line":47,"column":6},"end":{"line":47,"column":22}},"28":{"start":{"line":48,"column":6},"end":{"line":48,"column":40}},"29":{"start":{"line":50,"column":6},"end":{"line":50,"column":22}},"30":{"start":{"line":51,"column":6},"end":{"line":51,"column":71}},"31":{"start":{"line":51,"column":53},"end":{"line":51,"column":68}},"32":{"start":{"line":55,"column":2},"end":{"line":114,"column":4}},"33":{"start":{"line":62,"column":25},"end":{"line":62,"column":47}},"34":{"start":{"line":68,"column":25},"end":{"line":68,"column":46}},"35":{"start":{"line":80,"column":29},"end":{"line":80,"column":47}},"36":{"start":{"line":86,"column":29},"end":{"line":86,"column":49}},"37":{"start":{"line":92,"column":29},"end":{"line":92,"column":47}},"38":{"start":{"line":101,"column":12},"end":{"line":101,"column":37}},"39":{"start":{"line":117,"column":0},"end":{"line":117,"column":34}}},"fnMap":{"0":{"name":"(anonymous_0)","decl":{"start":{"line":17,"column":37},"end":{"line":17,"column":40}},"loc":{"start":{"line":17,"column":42},"end":{"line":115,"column":1}}},"1":{"name":"(anonymous_1)","decl":{"start":{"line":23,"column":21},"end":{"line":23,"column":22}},"loc":{"start":{"line":23,"column":37},"end":{"line":43,"column":3}}},"2":{"name":"(anonymous_2)","decl":{"start":{"line":32,"column":27},"end":{"line":32,"column":28}},"loc":{"start":{"line":32,"column":36},"end":{"line":37,"column":7}}},"3":{"name":"(anonymous_3)","decl":{"start":{"line":45,"column":23},"end":{"line":45,"column":24}},"loc":{"start":{"line":45,"column":52},"end":{"line":53,"column":3}}},"4":{"name":"(anonymous_4)","decl":{"start":{"line":51,"column":46},"end":{"line":51,"column":47}},"loc":{"start":{"line":51,"column":53},"end":{"line":51,"column":68}}},"5":{"name":"(anonymous_5)","decl":{"start":{"line":62,"column":19},"end":{"line":62,"column":22}},"loc":{"start":{"line":62,"column":25},"end":{"line":62,"column":47}}},"6":{"name":"(anonymous_6)","decl":{"start":{"line":68,"column":19},"end":{"line":68,"column":22}},"loc":{"start":{"line":68,"column":25},"end":{"line":68,"column":46}}},"7":{"name":"(anonymous_7)","decl":{"start":{"line":80,"column":23},"end":{"line":80,"column":26}},"loc":{"start":{"line":80,"column":29},"end":{"line":80,"column":47}}},"8":{"name":"(anonymous_8)","decl":{"start":{"line":86,"column":23},"end":{"line":86,"column":26}},"loc":{"start":{"line":86,"column":29},"end":{"line":86,"column":49}}},"9":{"name":"(anonymous_9)","decl":{"start":{"line":92,"column":23},"end":{"line":92,"column":26}},"loc":{"start":{"line":92,"column":29},"end":{"line":92,"column":47}}},"10":{"name":"(anonymous_10)","decl":{"start":{"line":100,"column":28},"end":{"line":100,"column":29}},"loc":{"start":{"line":101,"column":12},"end":{"line":101,"column":37}}}},"branchMap":{"0":{"loc":{"start":{"line":27,"column":4},"end":{"line":38,"column":5}},"type":"if","locations":[{"start":{"line":27,"column":4},"end":{"line":38,"column":5}},{"start":{"line":30,"column":11},"end":{"line":38,"column":5}}]},"1":{"loc":{"start":{"line":27,"column":8},"end":{"line":27,"column":50}},"type":"binary-expr","locations":[{"start":{"line":27,"column":8},"end":{"line":27,"column":23}},{"start":{"line":27,"column":27},"end":{"line":27,"column":50}}]},"2":{"loc":{"start":{"line":33,"column":8},"end":{"line":33,"column":57}},"type":"if","locations":[{"start":{"line":33,"column":8},"end":{"line":33,"column":57}}]},"3":{"loc":{"start":{"line":34,"column":8},"end":{"line":34,"column":91}},"type":"if","locations":[{"start":{"line":34,"column":8},"end":{"line":34,"column":91}}]},"4":{"loc":{"start":{"line":35,"column":8},"end":{"line":35,"column":64}},"type":"if","locations":[{"start":{"line":35,"column":8},"end":{"line":35,"column":64}}]},"5":{"loc":{"start":{"line":46,"column":4},"end":{"line":52,"column":5}},"type":"if","locations":[{"start":{"line":46,"column":4},"end":{"line":52,"column":5}},{"start":{"line":49,"column":11},"end":{"line":52,"column":5}}]},"6":{"loc":{"start":{"line":63,"column":42},"end":{"line":63,"column":133}},"type":"cond-expr","locations":[{"start":{"line":63,"column":64},"end":{"line":63,"column":88}},{"start":{"line":63,"column":91},"end":{"line":63,"column":133}}]},"7":{"loc":{"start":{"line":69,"column":42},"end":{"line":69,"column":132}},"type":"cond-expr","locations":[{"start":{"line":69,"column":63},"end":{"line":69,"column":87}},{"start":{"line":69,"column":90},"end":{"line":69,"column":132}}]},"8":{"loc":{"start":{"line":83,"column":20},"end":{"line":83,"column":79}},"type":"binary-expr","locations":[{"start":{"line":83,"column":20},"end":{"line":83,"column":38}},{"start":{"line":83,"column":43},"end":{"line":83,"column":78}}]},"9":{"loc":{"start":{"line":83,"column":43},"end":{"line":83,"column":78}},"type":"cond-expr","locations":[{"start":{"line":83,"column":69},"end":{"line":83,"column":72}},{"start":{"line":83,"column":75},"end":{"line":83,"column":78}}]},"10":{"loc":{"start":{"line":89,"column":22},"end":{"line":89,"column":83}},"type":"binary-expr","locations":[{"start":{"line":89,"column":22},"end":{"line":89,"column":42}},{"start":{"line":89,"column":47},"end":{"line":89,"column":82}}]},"11":{"loc":{"start":{"line":89,"column":47},"end":{"line":89,"column":82}},"type":"cond-expr","locations":[{"start":{"line":89,"column":73},"end":{"line":89,"column":76}},{"start":{"line":89,"column":79},"end":{"line":89,"column":82}}]},"12":{"loc":{"start":{"line":95,"column":20},"end":{"line":95,"column":79}},"type":"binary-expr","locations":[{"start":{"line":95,"column":20},"end":{"line":95,"column":38}},{"start":{"line":95,"column":43},"end":{"line":95,"column":78}}]},"13":{"loc":{"start":{"line":95,"column":43},"end":{"line":95,"column":78}},"type":"cond-expr","locations":[{"start":{"line":95,"column":69},"end":{"line":95,"column":72}},{"start":{"line":95,"column":75},"end":{"line":95,"column":78}}]},"14":{"loc":{"start":{"line":106,"column":50},"end":{"line":106,"column":115}},"type":"cond-expr","locations":[{"start":{"line":106,"column":82},"end":{"line":106,"column":98}},{"start":{"line":106,"column":101},"end":{"line":106,"column":115}}]}},"s":{"0":1,"1":1,"2":1,"3":6,"4":6,"5":6,"6":6,"7":6,"8":1,"9":1,"10":1,"11":0,"12":0,"13":1,"14":1,"15":5,"16":5,"17":0,"18":0,"19":0,"20":0,"21":0,"22":1,"23":1,"24":1,"25":6,"26":1,"27":0,"28":0,"29":1,"30":1,"31":4,"32":6,"33":1,"34":0,"35":0,"36":1,"37":0,"38":22,"39":1},"f":{"0":6,"1":1,"2":5,"3":1,"4":4,"5":1,"6":0,"7":0,"8":1,"9":0,"10":22},"b":{"0":[0,1],"1":[1,0],"2":[5],"3":[0],"4":[0],"5":[0,1],"6":[1,5],"7":[0,6],"8":[6,0],"9":[0,0],"10":[6,1],"11":[1,0],"12":[6,0],"13":[0,0],"14":[12,10]}}
,"/Users/ikehi/Documents/Projects/fintech-dashboard/src/app/dashboard/components/UserOverview.tsx": {"path":"/Users/ikehi/Documents/Projects/fintech-dashboard/src/app/dashboard/components/UserOverview.tsx","statementMap":{"0":{"start":{"line":9,"column":51},"end":{"line":38,"column":1}},"1":{"start":{"line":10,"column":2},"end":{"line":37,"column":4}},"2":{"start":{"line":25,"column":12},"end":{"line":26,"column":null}},"3":{"start":{"line":40,"column":0},"end":{"line":40,"column":28}}},"fnMap":{"0":{"name":"(anonymous_0)","decl":{"start":{"line":9,"column":51},"end":{"line":9,"column":52}},"loc":{"start":{"line":9,"column":64},"end":{"line":38,"column":1}}},"1":{"name":"(anonymous_1)","decl":{"start":{"line":24,"column":39},"end":{"line":24,"column":40}},"loc":{"start":{"line":25,"column":12},"end":{"line":26,"column":null}}}},"branchMap":{"0":{"loc":{"start":{"line":28,"column":18},"end":{"line":28,"column":105}},"type":"cond-expr","locations":[{"start":{"line":28,"column":50},"end":{"line":28,"column":78}},{"start":{"line":28,"column":81},"end":{"line":28,"column":105}}]},"1":{"loc":{"start":{"line":31,"column":21},"end":{"line":31,"column":62}},"type":"cond-expr","locations":[{"start":{"line":31,"column":53},"end":{"line":31,"column":56}},{"start":{"line":31,"column":59},"end":{"line":31,"column":62}}]}},"s":{"0":1,"1":1,"2":2,"3":1},"f":{"0":1,"1":2},"b":{"0":[1,1],"1":[1,1]}}
}
