TN:
SF:src/app/dashboard/components/TransactionHistory.tsx
FN:17,(anonymous_0)
FN:23,(anonymous_1)
FN:32,(anonymous_2)
FN:45,(anonymous_3)
FN:51,(anonymous_4)
FN:62,(anonymous_5)
FN:68,(anonymous_6)
FN:80,(anonymous_7)
FN:86,(anonymous_8)
FN:92,(anonymous_9)
FN:100,(anonymous_10)
FNF:11
FNH:8
FNDA:6,(anonymous_0)
FNDA:1,(anonymous_1)
FNDA:5,(anonymous_2)
FNDA:1,(anonymous_3)
FNDA:4,(anonymous_4)
FNDA:1,(anonymous_5)
FNDA:0,(anonymous_6)
FNDA:0,(anonymous_7)
FNDA:1,(anonymous_8)
FNDA:0,(anonymous_9)
FNDA:22,(anonymous_10)
DA:1,1
DA:10,1
DA:17,1
DA:18,6
DA:19,6
DA:20,6
DA:21,6
DA:23,6
DA:24,1
DA:25,1
DA:27,1
DA:28,0
DA:29,0
DA:31,1
DA:32,1
DA:33,5
DA:34,0
DA:35,0
DA:36,0
DA:40,1
DA:41,1
DA:42,1
DA:45,6
DA:46,1
DA:47,0
DA:48,0
DA:50,1
DA:51,4
DA:55,6
DA:62,1
DA:68,0
DA:80,0
DA:86,1
DA:92,0
DA:101,22
DA:117,1
LF:36
LH:26
BRDA:27,0,0,0
BRDA:27,0,1,1
BRDA:27,1,0,1
BRDA:27,1,1,0
BRDA:33,2,0,5
BRDA:34,3,0,0
BRDA:35,4,0,0
BRDA:46,5,0,0
BRDA:46,5,1,1
BRDA:63,6,0,1
BRDA:63,6,1,5
BRDA:69,7,0,0
BRDA:69,7,1,6
BRDA:83,8,0,6
BRDA:83,8,1,0
BRDA:83,9,0,0
BRDA:83,9,1,0
BRDA:89,10,0,6
BRDA:89,10,1,1
BRDA:89,11,0,1
BRDA:89,11,1,0
BRDA:95,12,0,6
BRDA:95,12,1,0
BRDA:95,13,0,0
BRDA:95,13,1,0
BRDA:106,14,0,12
BRDA:106,14,1,10
BRF:27
BRH:14
end_of_record
TN:
SF:src/app/dashboard/components/UserOverview.tsx
FN:9,(anonymous_0)
FN:24,(anonymous_1)
FNF:2
FNH:2
FNDA:1,(anonymous_0)
FNDA:2,(anonymous_1)
DA:9,1
DA:10,1
DA:25,2
DA:40,1
LF:4
LH:4
BRDA:28,0,0,1
BRDA:28,0,1,1
BRDA:31,1,0,1
BRDA:31,1,1,1
BRF:4
BRH:4
end_of_record
